0 verbose cli C:\Program Files\nodejs\node.exe C:\Users\LUBS\AppData\Roaming\npm\node_modules\npm\bin\npm-cli.js
1 info using npm@11.2.0
2 info using node@v22.14.0
3 silly config load:file:C:\Users\LUBS\AppData\Roaming\npm\node_modules\npm\npmrc
4 silly config load:file:C:\Users\LUBS\Desktop\Studio-six\studiosix\.npmrc
5 silly config load:file:C:\Users\LUBS\.npmrc
6 silly config load:file:C:\Users\LUBS\AppData\Roaming\npm\etc\npmrc
7 verbose title npm install @prisma/client@latest prisma@latest
8 verbose argv "install" "@prisma/client@latest" "prisma@latest" "--save-dev"
9 verbose logfile logs-max:10 dir:C:\Users\LUBS\Desktop\Studio-six\studiosix\npm-cache\_logs\2025-04-03T05_03_05_524Z-
10 verbose logfile C:\Users\LUBS\Desktop\Studio-six\studiosix\npm-cache\_logs\2025-04-03T05_03_05_524Z-debug-0.log
11 silly logfile start cleaning logs, removing 1 files
12 silly packumentCache heap:2197815296 maxSize:549453824 maxEntrySize:274726912
13 silly logfile done cleaning log files
14 silly packumentCache corgi:https://registry.npmjs.org/@prisma%2fclient cache-miss
15 silly packumentCache corgi:https://registry.npmjs.org/prisma cache-miss
16 http fetch GET 200 https://registry.npmjs.org/prisma 1779ms (cache miss)
17 silly packumentCache corgi:https://registry.npmjs.org/prisma set size:undefined disposed:false
18 http fetch GET 200 https://registry.npmjs.org/@prisma%2fclient 3420ms (cache miss)
19 silly packumentCache corgi:https://registry.npmjs.org/@prisma%2fclient set size:undefined disposed:false
20 warn idealTree Removing dependencies.prisma in favor of devDependencies.prisma
21 warn idealTree Removing dependencies.@prisma/client in favor of devDependencies.@prisma/client
22 silly idealTree buildDeps
23 silly fetch manifest prisma@6.5.0
24 silly packumentCache full:https://registry.npmjs.org/prisma cache-miss
25 http fetch GET 200 https://registry.npmjs.org/prisma 1756ms (cache miss)
26 silly packumentCache full:https://registry.npmjs.org/prisma set size:undefined disposed:false
27 silly fetch manifest typescript@5.8.2
28 silly packumentCache full:https://registry.npmjs.org/typescript cache-miss
29 http fetch GET 200 https://registry.npmjs.org/typescript 3147ms (cache miss)
30 silly packumentCache full:https://registry.npmjs.org/typescript set size:undefined disposed:false
31 silly fetch manifest @prisma/client@6.5.0
32 silly packumentCache full:https://registry.npmjs.org/@prisma%2fclient cache-miss
33 http fetch GET 200 https://registry.npmjs.org/@prisma%2fclient 3601ms (cache miss)
34 silly packumentCache full:https://registry.npmjs.org/@prisma%2fclient set size:undefined disposed:false
35 silly placeDep ROOT @prisma/client@6.5.0 REPLACE for: studiosix@0.1.0 want: 6.5.0
36 silly placeDep ROOT prisma@6.5.0 REPLACE for: studiosix@0.1.0 want: 6.5.0
37 silly reify mark retired [
37 silly reify   'C:\\Users\\LUBS\\Desktop\\Studio-six\\studiosix\\node_modules\\@next\\swc-win32-x64-msvc'
37 silly reify ]
38 silly reify moves {
38 silly reify   'C:\\Users\\LUBS\\Desktop\\Studio-six\\studiosix\\node_modules\\@next\\swc-win32-x64-msvc': 'C:\\Users\\LUBS\\Desktop\\Studio-six\\studiosix\\node_modules\\@next\\.swc-win32-x64-msvc-pFh1zk14'
38 silly reify }
39 silly audit bulk request {
39 silly audit   '@auth/core': [ '0.34.2' ],
39 silly audit   cookie: [ '0.6.0', '0.7.2' ],
39 silly audit   jose: [ '5.10.0', '4.15.9' ],
39 silly audit   preact: [ '10.11.3', '10.26.4' ],
39 silly audit   'preact-render-to-string': [ '5.2.3', '5.2.6' ],
39 silly audit   '@babel/runtime': [ '7.26.9' ],
39 silly audit   '@emnapi/runtime': [ '1.3.1' ],
39 silly audit   '@esbuild/aix-ppc64': [ '0.25.1' ],
39 silly audit   '@esbuild/android-arm': [ '0.25.1' ],
39 silly audit   '@esbuild/android-arm64': [ '0.25.1' ],
39 silly audit   '@esbuild/android-x64': [ '0.25.1' ],
39 silly audit   '@esbuild/darwin-arm64': [ '0.25.1' ],
39 silly audit   '@esbuild/darwin-x64': [ '0.25.1' ],
39 silly audit   '@esbuild/freebsd-arm64': [ '0.25.1' ],
39 silly audit   '@esbuild/freebsd-x64': [ '0.25.1' ],
39 silly audit   '@esbuild/linux-arm': [ '0.25.1' ],
39 silly audit   '@esbuild/linux-arm64': [ '0.25.1' ],
39 silly audit   '@esbuild/linux-ia32': [ '0.25.1' ],
39 silly audit   '@esbuild/linux-loong64': [ '0.25.1' ],
39 silly audit   '@esbuild/linux-mips64el': [ '0.25.1' ],
39 silly audit   '@esbuild/linux-ppc64': [ '0.25.1' ],
39 silly audit   '@esbuild/linux-riscv64': [ '0.25.1' ],
39 silly audit   '@esbuild/linux-s390x': [ '0.25.1' ],
39 silly audit   '@esbuild/linux-x64': [ '0.25.1' ],
39 silly audit   '@esbuild/netbsd-arm64': [ '0.25.1' ],
39 silly audit   '@esbuild/netbsd-x64': [ '0.25.1' ],
39 silly audit   '@esbuild/openbsd-arm64': [ '0.25.1' ],
39 silly audit   '@esbuild/openbsd-x64': [ '0.25.1' ],
39 silly audit   '@esbuild/sunos-x64': [ '0.25.1' ],
39 silly audit   '@esbuild/win32-arm64': [ '0.25.1' ],
39 silly audit   '@esbuild/win32-ia32': [ '0.25.1' ],
39 silly audit   '@esbuild/win32-x64': [ '0.25.1' ],
39 silly audit   '@floating-ui/core': [ '1.6.9' ],
39 silly audit   '@floating-ui/dom': [ '1.6.13' ],
39 silly audit   '@floating-ui/react': [ '0.26.28' ],
39 silly audit   '@floating-ui/react-dom': [ '2.1.2' ],
39 silly audit   '@floating-ui/utils': [ '0.2.9' ],
39 silly audit   '@headlessui/react': [ '2.2.0' ],
39 silly audit   '@heroicons/react': [ '2.2.0' ],
39 silly audit   '@img/sharp-darwin-arm64': [ '0.33.5' ],
39 silly audit   '@img/sharp-darwin-x64': [ '0.33.5' ],
39 silly audit   '@img/sharp-libvips-darwin-arm64': [ '1.0.4' ],
39 silly audit   '@img/sharp-libvips-darwin-x64': [ '1.0.4' ],
39 silly audit   '@img/sharp-libvips-linux-arm': [ '1.0.5' ],
39 silly audit   '@img/sharp-libvips-linux-arm64': [ '1.0.4' ],
39 silly audit   '@img/sharp-libvips-linux-s390x': [ '1.0.4' ],
39 silly audit   '@img/sharp-libvips-linux-x64': [ '1.0.4' ],
39 silly audit   '@img/sharp-libvips-linuxmusl-arm64': [ '1.0.4' ],
39 silly audit   '@img/sharp-libvips-linuxmusl-x64': [ '1.0.4' ],
39 silly audit   '@img/sharp-linux-arm': [ '0.33.5' ],
39 silly audit   '@img/sharp-linux-arm64': [ '0.33.5' ],
39 silly audit   '@img/sharp-linux-s390x': [ '0.33.5' ],
39 silly audit   '@img/sharp-linux-x64': [ '0.33.5' ],
39 silly audit   '@img/sharp-linuxmusl-arm64': [ '0.33.5' ],
39 silly audit   '@img/sharp-linuxmusl-x64': [ '0.33.5' ],
39 silly audit   '@img/sharp-wasm32': [ '0.33.5' ],
39 silly audit   '@img/sharp-win32-ia32': [ '0.33.5' ],
39 silly audit   '@img/sharp-win32-x64': [ '0.33.5' ],
39 silly audit   '@isaacs/cliui': [ '8.0.2' ],
39 silly audit   '@jridgewell/gen-mapping': [ '0.3.8' ],
39 silly audit   '@jridgewell/resolve-uri': [ '3.1.2' ],
39 silly audit   '@jridgewell/set-array': [ '1.2.1' ],
39 silly audit   '@jridgewell/sourcemap-codec': [ '1.5.0' ],
39 silly audit   '@jridgewell/trace-mapping': [ '0.3.25' ],
39 silly audit   '@next-auth/prisma-adapter': [ '1.0.7' ],
39 silly audit   '@next/env': [ '15.2.1' ],
39 silly audit   '@next/swc-darwin-arm64': [ '15.2.1' ],
39 silly audit   '@next/swc-darwin-x64': [ '15.2.1' ],
39 silly audit   '@next/swc-linux-arm64-gnu': [ '15.2.1' ],
39 silly audit   '@next/swc-linux-arm64-musl': [ '15.2.1' ],
39 silly audit   '@next/swc-linux-x64-gnu': [ '15.2.1' ],
39 silly audit   '@next/swc-linux-x64-musl': [ '15.2.1' ],
39 silly audit   '@next/swc-win32-arm64-msvc': [ '15.2.1' ],
39 silly audit   '@next/swc-win32-x64-msvc': [ '15.2.1' ],
39 silly audit   '@nodelib/fs.scandir': [ '2.1.5' ],
39 silly audit   '@nodelib/fs.stat': [ '2.0.5' ],
39 silly audit   '@nodelib/fs.walk': [ '1.2.8' ],
39 silly audit   '@panva/hkdf': [ '1.2.1' ],
39 silly audit   '@pkgjs/parseargs': [ '0.11.0' ],
39 silly audit   '@prisma/config': [ '6.5.0' ],
39 silly audit   '@prisma/debug': [ '6.5.0' ],
39 silly audit   '@prisma/engines': [ '6.5.0' ],
39 silly audit   '@prisma/engines-version': [ '6.5.0-73.173f8d54f8d52e692c7e27e72a88314ec7aeff60' ],
39 silly audit   '@prisma/fetch-engine': [ '6.5.0' ],
39 silly audit   '@prisma/get-platform': [ '6.5.0' ],
39 silly audit   '@react-aria/focus': [ '3.20.1' ],
39 silly audit   '@react-aria/interactions': [ '3.24.1' ],
39 silly audit   '@react-aria/ssr': [ '3.9.7' ],
39 silly audit   '@react-aria/utils': [ '3.28.1' ],
39 silly audit   '@react-stately/flags': [ '3.1.0' ],
39 silly audit   '@react-stately/utils': [ '3.10.5' ],
39 silly audit   '@react-types/shared': [ '3.28.0' ],
39 silly audit   '@swc/counter': [ '0.1.3' ],
39 silly audit   '@swc/helpers': [ '0.5.15' ],
39 silly audit   '@tanstack/react-virtual': [ '3.13.4' ],
39 silly audit   '@tanstack/virtual-core': [ '3.13.4' ],
39 silly audit   '@types/bcryptjs': [ '2.4.6' ],
39 silly audit   '@types/cookie': [ '0.6.0' ],
39 silly audit   '@types/locomotive-scroll': [ '4.1.4' ],
39 silly audit   '@types/node': [ '20.17.24' ],
39 silly audit   '@types/prop-types': [ '15.7.14' ],
39 silly audit   '@types/react': [ '18.3.18' ],
39 silly audit   '@types/react-dom': [ '18.3.5' ],
39 silly audit   '@types/react-reconciler': [ '0.28.9' ],
39 silly audit   '@types/uuid': [ '10.0.0' ],
39 silly audit   'ansi-regex': [ '6.1.0', '5.0.1' ],
39 silly audit   'ansi-styles': [ '6.2.1', '4.3.0' ],
39 silly audit   'any-promise': [ '1.3.0' ],
39 silly audit   anymatch: [ '3.1.3' ],
39 silly audit   arg: [ '5.0.2' ],
39 silly audit   autoprefixer: [ '10.4.14' ],
39 silly audit   'balanced-match': [ '1.0.2' ],
39 silly audit   bcryptjs: [ '3.0.2' ],
39 silly audit   'bezier-easing': [ '2.1.0' ],
39 silly audit   'binary-extensions': [ '2.3.0' ],
39 silly audit   'bindall-standalone': [ '1.0.5' ],
39 silly audit   'brace-expansion': [ '2.0.1' ],
39 silly audit   braces: [ '3.0.3' ],
39 silly audit   browserslist: [ '4.24.4' ],
39 silly audit   busboy: [ '1.6.0' ],
39 silly audit   'camelcase-css': [ '2.0.1' ],
39 silly audit   'caniuse-lite': [ '1.0.30001702' ],
39 silly audit   chokidar: [ '3.6.0' ],
39 silly audit   'glob-parent': [ '5.1.2', '6.0.2' ],
39 silly audit   'client-only': [ '0.0.1' ],
39 silly audit   clsx: [ '2.1.1' ],
39 silly audit   color: [ '4.2.3' ],
39 silly audit   'color-convert': [ '2.0.1' ],
39 silly audit   'color-name': [ '1.1.4' ],
39 silly audit   'color-string': [ '1.9.1' ],
39 silly audit   commander: [ '4.1.1' ],
39 silly audit   'cross-spawn': [ '7.0.6' ],
39 silly audit   cssesc: [ '3.0.0' ],
39 silly audit   csstype: [ '3.1.3' ],
39 silly audit   'date-fns': [ '4.1.0' ],
39 silly audit   debug: [ '4.4.0' ],
39 silly audit   'detect-libc': [ '2.0.3' ],
39 silly audit   didyoumean: [ '1.2.2' ],
39 silly audit   dlv: [ '1.1.3' ],
39 silly audit   eastasianwidth: [ '0.2.0' ],
39 silly audit   'electron-to-chromium': [ '1.5.113' ],
39 silly audit   'emoji-regex': [ '9.2.2', '8.0.0' ],
39 silly audit   esbuild: [ '0.25.1' ],
39 silly audit   'esbuild-register': [ '3.6.0' ],
39 silly audit   escalade: [ '3.2.0' ],
39 silly audit   'fast-glob': [ '3.3.3' ],
39 silly audit   fastq: [ '1.19.1' ],
39 silly audit   'fill-range': [ '7.1.1' ],
39 silly audit   'foreground-child': [ '3.3.1' ],
39 silly audit   'fraction.js': [ '4.3.7' ],
39 silly audit   fsevents: [ '2.3.3' ],
39 silly audit   'function-bind': [ '1.1.2' ],
39 silly audit   glob: [ '10.4.5' ],
39 silly audit   hasown: [ '2.0.2' ],
39 silly audit   'is-arrayish': [ '0.3.2' ],
39 silly audit   'is-binary-path': [ '2.1.0' ],
39 silly audit   'is-core-module': [ '2.16.1' ],
39 silly audit   'is-extglob': [ '2.1.1' ],
39 silly audit   'is-fullwidth-code-point': [ '3.0.0' ],
39 silly audit   'is-glob': [ '4.0.3' ],
39 silly audit   'is-number': [ '7.0.0' ],
39 silly audit   isexe: [ '2.0.0' ],
39 silly audit   'its-fine': [ '2.0.0' ],
39 silly audit   jackspeak: [ '3.4.3' ],
39 silly audit   jiti: [ '1.21.7' ],
39 silly audit   konva: [ '9.3.19' ],
39 silly audit   lethargy: [ '1.0.9' ],
39 silly audit   lilconfig: [ '2.1.0' ],
39 silly audit   'lines-and-columns': [ '1.2.4' ],
39 silly audit   'locomotive-scroll': [ '4.1.4' ],
39 silly audit   'lru-cache': [ '10.4.3', '6.0.0' ],
39 silly audit   merge2: [ '1.4.1' ],
39 silly audit   micromatch: [ '4.0.8' ],
39 silly audit   minimatch: [ '9.0.5' ],
39 silly audit   minipass: [ '7.1.2' ],
39 silly audit   ms: [ '2.1.3' ],
39 silly audit   mz: [ '2.7.0' ],
39 silly audit   nanoid: [ '3.3.9' ],
39 silly audit   next: [ '15.2.1' ],
39 silly audit   'next-auth': [ '4.24.11' ],
39 silly audit   uuid: [ '8.3.2', '11.1.0' ],
39 silly audit   postcss: [ '8.4.31', '8.4.21' ],
39 silly audit   'node-releases': [ '2.0.19' ],
39 silly audit   'normalize-path': [ '3.0.0' ],
39 silly audit   'normalize-range': [ '0.1.2' ],
39 silly audit   oauth: [ '0.9.15' ],
39 silly audit   oauth4webapi: [ '2.17.0' ],
39 silly audit   'object-assign': [ '4.1.1' ],
39 silly audit   'object-hash': [ '3.0.0', '2.2.0' ],
39 silly audit   'oidc-token-hash': [ '5.1.0' ],
39 silly audit   'openid-client': [ '5.7.1' ],
39 silly audit   'package-json-from-dist': [ '1.0.1' ],
39 silly audit   'path-key': [ '3.1.1' ],
39 silly audit   'path-parse': [ '1.0.7' ],
39 silly audit   'path-scurry': [ '1.11.1' ],
39 silly audit   picocolors: [ '1.1.1' ],
39 silly audit   picomatch: [ '2.3.1' ],
39 silly audit   pify: [ '2.3.0' ],
39 silly audit   pirates: [ '4.0.6' ],
39 silly audit   'postcss-import': [ '14.1.0' ],
39 silly audit   'postcss-js': [ '4.0.1' ],
39 silly audit   'postcss-load-config': [ '3.1.4' ],
39 silly audit   'postcss-nested': [ '6.0.0' ],
39 silly audit   'postcss-selector-parser': [ '6.1.2' ],
39 silly audit   'postcss-value-parser': [ '4.2.0' ],
39 silly audit   'pretty-format': [ '3.8.0' ],
39 silly audit   'queue-microtask': [ '1.2.3' ],
39 silly audit   'quick-lru': [ '5.1.1' ],
39 silly audit   react: [ '19.0.0' ],
39 silly audit   'react-dom': [ '19.0.0' ],
39 silly audit   'react-konva': [ '19.0.3' ],
39 silly audit   'react-reconciler': [ '0.31.0' ],
39 silly audit   'read-cache': [ '1.0.0' ],
39 silly audit   readdirp: [ '3.6.0' ],
39 silly audit   'regenerator-runtime': [ '0.14.1' ],
39 silly audit   resolve: [ '1.22.10' ],
39 silly audit   reusify: [ '1.1.0' ],
39 silly audit   'run-parallel': [ '1.2.0' ],
39 silly audit   scheduler: [ '0.25.0' ],
39 silly audit   'schema-dts': [ '1.1.5' ],
39 silly audit   semver: [ '7.7.1' ],
39 silly audit   sharp: [ '0.33.5' ],
39 silly audit   'shebang-command': [ '2.0.0' ],
39 silly audit   'shebang-regex': [ '3.0.0' ],
39 silly audit   'signal-exit': [ '4.1.0' ],
39 silly audit   'simple-swizzle': [ '0.2.2' ],
39 silly audit   'smoothscroll-polyfill': [ '0.4.4' ],
39 silly audit   'source-map-js': [ '1.2.1' ],
39 silly audit   streamsearch: [ '1.1.0' ],
39 silly audit   'string-width': [ '5.1.2', '4.2.3' ],
39 silly audit   'strip-ansi': [ '6.0.1', '7.1.0' ],
39 silly audit   'styled-jsx': [ '5.1.6' ],
39 silly audit   sucrase: [ '3.35.0' ],
39 silly audit   'supports-preserve-symlinks-flag': [ '1.0.0' ],
39 silly audit   tabbable: [ '6.2.0' ],
39 silly audit   'tailwind-merge': [ '3.0.2' ],
39 silly audit   tailwindcss: [ '3.3.0' ],
39 silly audit   thenify: [ '3.3.1' ],
39 silly audit   'thenify-all': [ '1.6.0' ],
39 silly audit   'tiny-emitter': [ '1.2.0' ],
39 silly audit   'to-regex-range': [ '5.0.1' ],
39 silly audit   'ts-interface-checker': [ '0.1.13' ],
39 silly audit   tslib: [ '2.8.1' ],
39 silly audit   typescript: [ '5.8.2' ],
39 silly audit   'undici-types': [ '6.19.8' ],
39 silly audit   'update-browserslist-db': [ '1.1.3' ],
39 silly audit   'util-deprecate': [ '1.0.2' ],
39 silly audit   'virtual-scroll': [ '1.5.2' ],
39 silly audit   which: [ '2.0.2' ],
39 silly audit   'wrap-ansi': [ '8.1.0', '7.0.0' ],
39 silly audit   yallist: [ '4.0.0' ],
39 silly audit   yaml: [ '1.10.2' ],
39 silly audit   '@prisma/client': [ '6.5.0' ],
39 silly audit   prisma: [ '6.5.0' ]
39 silly audit }
40 verbose reify failed optional dependency C:\Users\LUBS\Desktop\Studio-six\studiosix\node_modules\fsevents
41 silly reify mark deleted [
41 silly reify   'C:\\Users\\LUBS\\Desktop\\Studio-six\\studiosix\\node_modules\\fsevents'
41 silly reify ]
42 verbose reify failed optional dependency C:\Users\LUBS\Desktop\Studio-six\studiosix\node_modules\@next\swc-win32-arm64-msvc
43 silly reify mark deleted [
43 silly reify   'C:\\Users\\LUBS\\Desktop\\Studio-six\\studiosix\\node_modules\\@next\\swc-win32-arm64-msvc'
43 silly reify ]
44 verbose reify failed optional dependency C:\Users\LUBS\Desktop\Studio-six\studiosix\node_modules\@next\swc-linux-x64-musl
45 silly reify mark deleted [
45 silly reify   'C:\\Users\\LUBS\\Desktop\\Studio-six\\studiosix\\node_modules\\@next\\swc-linux-x64-musl'
45 silly reify ]
46 verbose reify failed optional dependency C:\Users\LUBS\Desktop\Studio-six\studiosix\node_modules\@next\swc-linux-x64-gnu
47 silly reify mark deleted [
47 silly reify   'C:\\Users\\LUBS\\Desktop\\Studio-six\\studiosix\\node_modules\\@next\\swc-linux-x64-gnu'
47 silly reify ]
48 verbose reify failed optional dependency C:\Users\LUBS\Desktop\Studio-six\studiosix\node_modules\@next\swc-linux-arm64-musl
49 silly reify mark deleted [
49 silly reify   'C:\\Users\\LUBS\\Desktop\\Studio-six\\studiosix\\node_modules\\@next\\swc-linux-arm64-musl'
49 silly reify ]
50 verbose reify failed optional dependency C:\Users\LUBS\Desktop\Studio-six\studiosix\node_modules\@next\swc-linux-arm64-gnu
51 silly reify mark deleted [
51 silly reify   'C:\\Users\\LUBS\\Desktop\\Studio-six\\studiosix\\node_modules\\@next\\swc-linux-arm64-gnu'
51 silly reify ]
52 verbose reify failed optional dependency C:\Users\LUBS\Desktop\Studio-six\studiosix\node_modules\@next\swc-darwin-x64
53 silly reify mark deleted [
53 silly reify   'C:\\Users\\LUBS\\Desktop\\Studio-six\\studiosix\\node_modules\\@next\\swc-darwin-x64'
53 silly reify ]
54 verbose reify failed optional dependency C:\Users\LUBS\Desktop\Studio-six\studiosix\node_modules\@next\swc-darwin-arm64
55 silly reify mark deleted [
55 silly reify   'C:\\Users\\LUBS\\Desktop\\Studio-six\\studiosix\\node_modules\\@next\\swc-darwin-arm64'
55 silly reify ]
56 verbose reify failed optional dependency C:\Users\LUBS\Desktop\Studio-six\studiosix\node_modules\@img\sharp-win32-ia32
57 silly reify mark deleted [
57 silly reify   'C:\\Users\\LUBS\\Desktop\\Studio-six\\studiosix\\node_modules\\@img\\sharp-win32-ia32'
57 silly reify ]
58 verbose reify failed optional dependency C:\Users\LUBS\Desktop\Studio-six\studiosix\node_modules\@img\sharp-wasm32
59 silly reify mark deleted [
59 silly reify   'C:\\Users\\LUBS\\Desktop\\Studio-six\\studiosix\\node_modules\\@img\\sharp-wasm32'
59 silly reify ]
60 verbose reify failed optional dependency C:\Users\LUBS\Desktop\Studio-six\studiosix\node_modules\@emnapi\runtime
61 silly reify mark deleted [
61 silly reify   'C:\\Users\\LUBS\\Desktop\\Studio-six\\studiosix\\node_modules\\@emnapi\\runtime'
61 silly reify ]
62 verbose reify failed optional dependency C:\Users\LUBS\Desktop\Studio-six\studiosix\node_modules\@img\sharp-linuxmusl-x64
63 silly reify mark deleted [
63 silly reify   'C:\\Users\\LUBS\\Desktop\\Studio-six\\studiosix\\node_modules\\@img\\sharp-linuxmusl-x64'
63 silly reify ]
64 verbose reify failed optional dependency C:\Users\LUBS\Desktop\Studio-six\studiosix\node_modules\@img\sharp-linuxmusl-arm64
65 silly reify mark deleted [
65 silly reify   'C:\\Users\\LUBS\\Desktop\\Studio-six\\studiosix\\node_modules\\@img\\sharp-linuxmusl-arm64'
65 silly reify ]
66 verbose reify failed optional dependency C:\Users\LUBS\Desktop\Studio-six\studiosix\node_modules\@img\sharp-linux-x64
67 silly reify mark deleted [
67 silly reify   'C:\\Users\\LUBS\\Desktop\\Studio-six\\studiosix\\node_modules\\@img\\sharp-linux-x64'
67 silly reify ]
68 verbose reify failed optional dependency C:\Users\LUBS\Desktop\Studio-six\studiosix\node_modules\@img\sharp-linux-s390x
69 silly reify mark deleted [
69 silly reify   'C:\\Users\\LUBS\\Desktop\\Studio-six\\studiosix\\node_modules\\@img\\sharp-linux-s390x'
69 silly reify ]
70 verbose reify failed optional dependency C:\Users\LUBS\Desktop\Studio-six\studiosix\node_modules\@img\sharp-linux-arm64
71 silly reify mark deleted [
71 silly reify   'C:\\Users\\LUBS\\Desktop\\Studio-six\\studiosix\\node_modules\\@img\\sharp-linux-arm64'
71 silly reify ]
72 verbose reify failed optional dependency C:\Users\LUBS\Desktop\Studio-six\studiosix\node_modules\@img\sharp-linux-arm
73 silly reify mark deleted [
73 silly reify   'C:\\Users\\LUBS\\Desktop\\Studio-six\\studiosix\\node_modules\\@img\\sharp-linux-arm'
73 silly reify ]
74 verbose reify failed optional dependency C:\Users\LUBS\Desktop\Studio-six\studiosix\node_modules\@img\sharp-libvips-linuxmusl-x64
75 silly reify mark deleted [
75 silly reify   'C:\\Users\\LUBS\\Desktop\\Studio-six\\studiosix\\node_modules\\@img\\sharp-libvips-linuxmusl-x64'
75 silly reify ]
76 verbose reify failed optional dependency C:\Users\LUBS\Desktop\Studio-six\studiosix\node_modules\@img\sharp-libvips-linuxmusl-arm64
77 silly reify mark deleted [
77 silly reify   'C:\\Users\\LUBS\\Desktop\\Studio-six\\studiosix\\node_modules\\@img\\sharp-libvips-linuxmusl-arm64'
77 silly reify ]
78 verbose reify failed optional dependency C:\Users\LUBS\Desktop\Studio-six\studiosix\node_modules\@img\sharp-libvips-linux-x64
79 silly reify mark deleted [
79 silly reify   'C:\\Users\\LUBS\\Desktop\\Studio-six\\studiosix\\node_modules\\@img\\sharp-libvips-linux-x64'
79 silly reify ]
80 verbose reify failed optional dependency C:\Users\LUBS\Desktop\Studio-six\studiosix\node_modules\@img\sharp-libvips-linux-s390x
81 silly reify mark deleted [
81 silly reify   'C:\\Users\\LUBS\\Desktop\\Studio-six\\studiosix\\node_modules\\@img\\sharp-libvips-linux-s390x'
81 silly reify ]
82 verbose reify failed optional dependency C:\Users\LUBS\Desktop\Studio-six\studiosix\node_modules\@img\sharp-libvips-linux-arm64
83 silly reify mark deleted [
83 silly reify   'C:\\Users\\LUBS\\Desktop\\Studio-six\\studiosix\\node_modules\\@img\\sharp-libvips-linux-arm64'
83 silly reify ]
84 verbose reify failed optional dependency C:\Users\LUBS\Desktop\Studio-six\studiosix\node_modules\@img\sharp-libvips-linux-arm
85 silly reify mark deleted [
85 silly reify   'C:\\Users\\LUBS\\Desktop\\Studio-six\\studiosix\\node_modules\\@img\\sharp-libvips-linux-arm'
85 silly reify ]
86 verbose reify failed optional dependency C:\Users\LUBS\Desktop\Studio-six\studiosix\node_modules\@img\sharp-libvips-darwin-x64
87 silly reify mark deleted [
87 silly reify   'C:\\Users\\LUBS\\Desktop\\Studio-six\\studiosix\\node_modules\\@img\\sharp-libvips-darwin-x64'
87 silly reify ]
88 verbose reify failed optional dependency C:\Users\LUBS\Desktop\Studio-six\studiosix\node_modules\@img\sharp-libvips-darwin-arm64
89 silly reify mark deleted [
89 silly reify   'C:\\Users\\LUBS\\Desktop\\Studio-six\\studiosix\\node_modules\\@img\\sharp-libvips-darwin-arm64'
89 silly reify ]
90 verbose reify failed optional dependency C:\Users\LUBS\Desktop\Studio-six\studiosix\node_modules\@img\sharp-darwin-x64
91 silly reify mark deleted [
91 silly reify   'C:\\Users\\LUBS\\Desktop\\Studio-six\\studiosix\\node_modules\\@img\\sharp-darwin-x64'
91 silly reify ]
92 verbose reify failed optional dependency C:\Users\LUBS\Desktop\Studio-six\studiosix\node_modules\@img\sharp-darwin-arm64
93 silly reify mark deleted [
93 silly reify   'C:\\Users\\LUBS\\Desktop\\Studio-six\\studiosix\\node_modules\\@img\\sharp-darwin-arm64'
93 silly reify ]
94 verbose reify failed optional dependency C:\Users\LUBS\Desktop\Studio-six\studiosix\node_modules\@esbuild\win32-ia32
95 silly reify mark deleted [
95 silly reify   'C:\\Users\\LUBS\\Desktop\\Studio-six\\studiosix\\node_modules\\@esbuild\\win32-ia32'
95 silly reify ]
96 verbose reify failed optional dependency C:\Users\LUBS\Desktop\Studio-six\studiosix\node_modules\@esbuild\win32-arm64
97 silly reify mark deleted [
97 silly reify   'C:\\Users\\LUBS\\Desktop\\Studio-six\\studiosix\\node_modules\\@esbuild\\win32-arm64'
97 silly reify ]
98 verbose reify failed optional dependency C:\Users\LUBS\Desktop\Studio-six\studiosix\node_modules\@esbuild\sunos-x64
99 silly reify mark deleted [
99 silly reify   'C:\\Users\\LUBS\\Desktop\\Studio-six\\studiosix\\node_modules\\@esbuild\\sunos-x64'
99 silly reify ]
100 verbose reify failed optional dependency C:\Users\LUBS\Desktop\Studio-six\studiosix\node_modules\@esbuild\openbsd-x64
101 silly reify mark deleted [
101 silly reify   'C:\\Users\\LUBS\\Desktop\\Studio-six\\studiosix\\node_modules\\@esbuild\\openbsd-x64'
101 silly reify ]
102 verbose reify failed optional dependency C:\Users\LUBS\Desktop\Studio-six\studiosix\node_modules\@esbuild\openbsd-arm64
103 silly reify mark deleted [
103 silly reify   'C:\\Users\\LUBS\\Desktop\\Studio-six\\studiosix\\node_modules\\@esbuild\\openbsd-arm64'
103 silly reify ]
104 verbose reify failed optional dependency C:\Users\LUBS\Desktop\Studio-six\studiosix\node_modules\@esbuild\netbsd-x64
105 silly reify mark deleted [
105 silly reify   'C:\\Users\\LUBS\\Desktop\\Studio-six\\studiosix\\node_modules\\@esbuild\\netbsd-x64'
105 silly reify ]
106 verbose reify failed optional dependency C:\Users\LUBS\Desktop\Studio-six\studiosix\node_modules\@esbuild\netbsd-arm64
107 silly reify mark deleted [
107 silly reify   'C:\\Users\\LUBS\\Desktop\\Studio-six\\studiosix\\node_modules\\@esbuild\\netbsd-arm64'
107 silly reify ]
108 verbose reify failed optional dependency C:\Users\LUBS\Desktop\Studio-six\studiosix\node_modules\@esbuild\linux-x64
109 silly reify mark deleted [
109 silly reify   'C:\\Users\\LUBS\\Desktop\\Studio-six\\studiosix\\node_modules\\@esbuild\\linux-x64'
109 silly reify ]
110 verbose reify failed optional dependency C:\Users\LUBS\Desktop\Studio-six\studiosix\node_modules\@esbuild\linux-s390x
111 silly reify mark deleted [
111 silly reify   'C:\\Users\\LUBS\\Desktop\\Studio-six\\studiosix\\node_modules\\@esbuild\\linux-s390x'
111 silly reify ]
112 verbose reify failed optional dependency C:\Users\LUBS\Desktop\Studio-six\studiosix\node_modules\@esbuild\linux-riscv64
113 silly reify mark deleted [
113 silly reify   'C:\\Users\\LUBS\\Desktop\\Studio-six\\studiosix\\node_modules\\@esbuild\\linux-riscv64'
113 silly reify ]
114 verbose reify failed optional dependency C:\Users\LUBS\Desktop\Studio-six\studiosix\node_modules\@esbuild\linux-ppc64
115 silly reify mark deleted [
115 silly reify   'C:\\Users\\LUBS\\Desktop\\Studio-six\\studiosix\\node_modules\\@esbuild\\linux-ppc64'
115 silly reify ]
116 verbose reify failed optional dependency C:\Users\LUBS\Desktop\Studio-six\studiosix\node_modules\@esbuild\linux-mips64el
117 silly reify mark deleted [
117 silly reify   'C:\\Users\\LUBS\\Desktop\\Studio-six\\studiosix\\node_modules\\@esbuild\\linux-mips64el'
117 silly reify ]
118 verbose reify failed optional dependency C:\Users\LUBS\Desktop\Studio-six\studiosix\node_modules\@esbuild\linux-loong64
119 silly reify mark deleted [
119 silly reify   'C:\\Users\\LUBS\\Desktop\\Studio-six\\studiosix\\node_modules\\@esbuild\\linux-loong64'
119 silly reify ]
120 verbose reify failed optional dependency C:\Users\LUBS\Desktop\Studio-six\studiosix\node_modules\@esbuild\linux-ia32
121 silly reify mark deleted [
121 silly reify   'C:\\Users\\LUBS\\Desktop\\Studio-six\\studiosix\\node_modules\\@esbuild\\linux-ia32'
121 silly reify ]
122 verbose reify failed optional dependency C:\Users\LUBS\Desktop\Studio-six\studiosix\node_modules\@esbuild\linux-arm64
123 silly reify mark deleted [
123 silly reify   'C:\\Users\\LUBS\\Desktop\\Studio-six\\studiosix\\node_modules\\@esbuild\\linux-arm64'
123 silly reify ]
124 verbose reify failed optional dependency C:\Users\LUBS\Desktop\Studio-six\studiosix\node_modules\@esbuild\linux-arm
125 silly reify mark deleted [
125 silly reify   'C:\\Users\\LUBS\\Desktop\\Studio-six\\studiosix\\node_modules\\@esbuild\\linux-arm'
125 silly reify ]
126 verbose reify failed optional dependency C:\Users\LUBS\Desktop\Studio-six\studiosix\node_modules\@esbuild\freebsd-x64
127 silly reify mark deleted [
127 silly reify   'C:\\Users\\LUBS\\Desktop\\Studio-six\\studiosix\\node_modules\\@esbuild\\freebsd-x64'
127 silly reify ]
128 verbose reify failed optional dependency C:\Users\LUBS\Desktop\Studio-six\studiosix\node_modules\@esbuild\freebsd-arm64
129 silly reify mark deleted [
129 silly reify   'C:\\Users\\LUBS\\Desktop\\Studio-six\\studiosix\\node_modules\\@esbuild\\freebsd-arm64'
129 silly reify ]
130 verbose reify failed optional dependency C:\Users\LUBS\Desktop\Studio-six\studiosix\node_modules\@esbuild\darwin-x64
131 silly reify mark deleted [
131 silly reify   'C:\\Users\\LUBS\\Desktop\\Studio-six\\studiosix\\node_modules\\@esbuild\\darwin-x64'
131 silly reify ]
132 verbose reify failed optional dependency C:\Users\LUBS\Desktop\Studio-six\studiosix\node_modules\@esbuild\darwin-arm64
133 silly reify mark deleted [
133 silly reify   'C:\\Users\\LUBS\\Desktop\\Studio-six\\studiosix\\node_modules\\@esbuild\\darwin-arm64'
133 silly reify ]
134 verbose reify failed optional dependency C:\Users\LUBS\Desktop\Studio-six\studiosix\node_modules\@esbuild\android-x64
135 silly reify mark deleted [
135 silly reify   'C:\\Users\\LUBS\\Desktop\\Studio-six\\studiosix\\node_modules\\@esbuild\\android-x64'
135 silly reify ]
136 verbose reify failed optional dependency C:\Users\LUBS\Desktop\Studio-six\studiosix\node_modules\@esbuild\android-arm64
137 silly reify mark deleted [
137 silly reify   'C:\\Users\\LUBS\\Desktop\\Studio-six\\studiosix\\node_modules\\@esbuild\\android-arm64'
137 silly reify ]
138 verbose reify failed optional dependency C:\Users\LUBS\Desktop\Studio-six\studiosix\node_modules\@esbuild\android-arm
139 silly reify mark deleted [
139 silly reify   'C:\\Users\\LUBS\\Desktop\\Studio-six\\studiosix\\node_modules\\@esbuild\\android-arm'
139 silly reify ]
140 verbose reify failed optional dependency C:\Users\LUBS\Desktop\Studio-six\studiosix\node_modules\@esbuild\aix-ppc64
141 silly reify mark deleted [
141 silly reify   'C:\\Users\\LUBS\\Desktop\\Studio-six\\studiosix\\node_modules\\@esbuild\\aix-ppc64'
141 silly reify ]
142 http cache prisma@https://registry.npmjs.org/prisma/-/prisma-6.5.0.tgz 0ms (cache hit)
143 http cache @prisma/client@https://registry.npmjs.org/@prisma/client/-/client-6.5.0.tgz 0ms (cache hit)
144 http cache yaml@https://registry.npmjs.org/yaml/-/yaml-1.10.2.tgz 0ms (cache hit)
145 http cache yallist@https://registry.npmjs.org/yallist/-/yallist-4.0.0.tgz 0ms (cache hit)
146 http cache wrap-ansi-cjs@https://registry.npmjs.org/wrap-ansi/-/wrap-ansi-7.0.0.tgz 0ms (cache hit)
147 http cache wrap-ansi@https://registry.npmjs.org/wrap-ansi/-/wrap-ansi-8.1.0.tgz 0ms (cache hit)
148 http cache virtual-scroll@https://registry.npmjs.org/virtual-scroll/-/virtual-scroll-1.5.2.tgz 0ms (cache hit)
149 http cache which@https://registry.npmjs.org/which/-/which-2.0.2.tgz 0ms (cache hit)
150 http cache uuid@https://registry.npmjs.org/uuid/-/uuid-11.1.0.tgz 0ms (cache hit)
151 http cache util-deprecate@https://registry.npmjs.org/util-deprecate/-/util-deprecate-1.0.2.tgz 0ms (cache hit)
152 http cache update-browserslist-db@https://registry.npmjs.org/update-browserslist-db/-/update-browserslist-db-1.1.3.tgz 0ms (cache hit)
153 http cache undici-types@https://registry.npmjs.org/undici-types/-/undici-types-6.19.8.tgz 0ms (cache hit)
154 http cache typescript@https://registry.npmjs.org/typescript/-/typescript-5.8.2.tgz 0ms (cache hit)
155 http cache ts-interface-checker@https://registry.npmjs.org/ts-interface-checker/-/ts-interface-checker-0.1.13.tgz 0ms (cache hit)
156 http cache tslib@https://registry.npmjs.org/tslib/-/tslib-2.8.1.tgz 0ms (cache hit)
157 http cache to-regex-range@https://registry.npmjs.org/to-regex-range/-/to-regex-range-5.0.1.tgz 0ms (cache hit)
158 http cache tiny-emitter@https://registry.npmjs.org/tiny-emitter/-/tiny-emitter-1.2.0.tgz 0ms (cache hit)
159 http cache thenify-all@https://registry.npmjs.org/thenify-all/-/thenify-all-1.6.0.tgz 0ms (cache hit)
160 http cache thenify@https://registry.npmjs.org/thenify/-/thenify-3.3.1.tgz 0ms (cache hit)
161 http cache tailwindcss@https://registry.npmjs.org/tailwindcss/-/tailwindcss-3.3.0.tgz 0ms (cache hit)
162 http cache tailwind-merge@https://registry.npmjs.org/tailwind-merge/-/tailwind-merge-3.0.2.tgz 0ms (cache hit)
163 http cache tabbable@https://registry.npmjs.org/tabbable/-/tabbable-6.2.0.tgz 0ms (cache hit)
164 http cache supports-preserve-symlinks-flag@https://registry.npmjs.org/supports-preserve-symlinks-flag/-/supports-preserve-symlinks-flag-1.0.0.tgz 0ms (cache hit)
165 http cache sucrase@https://registry.npmjs.org/sucrase/-/sucrase-3.35.0.tgz 0ms (cache hit)
166 http cache styled-jsx@https://registry.npmjs.org/styled-jsx/-/styled-jsx-5.1.6.tgz 0ms (cache hit)
167 http cache strip-ansi-cjs@https://registry.npmjs.org/strip-ansi/-/strip-ansi-6.0.1.tgz 0ms (cache hit)
168 http cache strip-ansi@https://registry.npmjs.org/strip-ansi/-/strip-ansi-7.1.0.tgz 0ms (cache hit)
169 http cache string-width-cjs@https://registry.npmjs.org/string-width/-/string-width-4.2.3.tgz 0ms (cache hit)
170 http cache string-width@https://registry.npmjs.org/string-width/-/string-width-5.1.2.tgz 0ms (cache hit)
171 http cache streamsearch@https://registry.npmjs.org/streamsearch/-/streamsearch-1.1.0.tgz 0ms (cache hit)
172 http cache source-map-js@https://registry.npmjs.org/source-map-js/-/source-map-js-1.2.1.tgz 0ms (cache hit)
173 http cache smoothscroll-polyfill@https://registry.npmjs.org/smoothscroll-polyfill/-/smoothscroll-polyfill-0.4.4.tgz 0ms (cache hit)
174 http cache simple-swizzle@https://registry.npmjs.org/simple-swizzle/-/simple-swizzle-0.2.2.tgz 0ms (cache hit)
175 http cache signal-exit@https://registry.npmjs.org/signal-exit/-/signal-exit-4.1.0.tgz 0ms (cache hit)
176 http cache shebang-regex@https://registry.npmjs.org/shebang-regex/-/shebang-regex-3.0.0.tgz 0ms (cache hit)
177 http cache shebang-command@https://registry.npmjs.org/shebang-command/-/shebang-command-2.0.0.tgz 0ms (cache hit)
178 http cache sharp@https://registry.npmjs.org/sharp/-/sharp-0.33.5.tgz 0ms (cache hit)
179 http cache semver@https://registry.npmjs.org/semver/-/semver-7.7.1.tgz 0ms (cache hit)
180 http cache schema-dts@https://registry.npmjs.org/schema-dts/-/schema-dts-1.1.5.tgz 0ms (cache hit)
181 http cache scheduler@https://registry.npmjs.org/scheduler/-/scheduler-0.25.0.tgz 0ms (cache hit)
182 http cache run-parallel@https://registry.npmjs.org/run-parallel/-/run-parallel-1.2.0.tgz 0ms (cache hit)
183 http cache reusify@https://registry.npmjs.org/reusify/-/reusify-1.1.0.tgz 0ms (cache hit)
184 http cache resolve@https://registry.npmjs.org/resolve/-/resolve-1.22.10.tgz 0ms (cache hit)
185 http cache regenerator-runtime@https://registry.npmjs.org/regenerator-runtime/-/regenerator-runtime-0.14.1.tgz 0ms (cache hit)
186 http cache readdirp@https://registry.npmjs.org/readdirp/-/readdirp-3.6.0.tgz 0ms (cache hit)
187 http cache react-reconciler@https://registry.npmjs.org/react-reconciler/-/react-reconciler-0.31.0.tgz 0ms (cache hit)
188 http cache react-konva@https://registry.npmjs.org/react-konva/-/react-konva-19.0.3.tgz 0ms (cache hit)
189 http cache react-dom@https://registry.npmjs.org/react-dom/-/react-dom-19.0.0.tgz 0ms (cache hit)
190 http cache react@https://registry.npmjs.org/react/-/react-19.0.0.tgz 0ms (cache hit)
191 http cache quick-lru@https://registry.npmjs.org/quick-lru/-/quick-lru-5.1.1.tgz 0ms (cache hit)
192 http cache queue-microtask@https://registry.npmjs.org/queue-microtask/-/queue-microtask-1.2.3.tgz 0ms (cache hit)
193 http cache pretty-format@https://registry.npmjs.org/pretty-format/-/pretty-format-3.8.0.tgz 0ms (cache hit)
194 http cache preact-render-to-string@https://registry.npmjs.org/preact-render-to-string/-/preact-render-to-string-5.2.6.tgz 0ms (cache hit)
195 http cache preact@https://registry.npmjs.org/preact/-/preact-10.26.4.tgz 0ms (cache hit)
196 http cache postcss-value-parser@https://registry.npmjs.org/postcss-value-parser/-/postcss-value-parser-4.2.0.tgz 0ms (cache hit)
197 http cache postcss-selector-parser@https://registry.npmjs.org/postcss-selector-parser/-/postcss-selector-parser-6.1.2.tgz 0ms (cache hit)
198 http cache postcss-nested@https://registry.npmjs.org/postcss-nested/-/postcss-nested-6.0.0.tgz 0ms (cache hit)
199 http cache postcss-load-config@https://registry.npmjs.org/postcss-load-config/-/postcss-load-config-3.1.4.tgz 0ms (cache hit)
200 http cache postcss-js@https://registry.npmjs.org/postcss-js/-/postcss-js-4.0.1.tgz 0ms (cache hit)
201 http cache postcss-import@https://registry.npmjs.org/postcss-import/-/postcss-import-14.1.0.tgz 0ms (cache hit)
202 http cache postcss@https://registry.npmjs.org/postcss/-/postcss-8.4.21.tgz 0ms (cache hit)
203 http cache pirates@https://registry.npmjs.org/pirates/-/pirates-4.0.6.tgz 0ms (cache hit)
204 http cache pify@https://registry.npmjs.org/pify/-/pify-2.3.0.tgz 0ms (cache hit)
205 http cache picomatch@https://registry.npmjs.org/picomatch/-/picomatch-2.3.1.tgz 0ms (cache hit)
206 http cache picocolors@https://registry.npmjs.org/picocolors/-/picocolors-1.1.1.tgz 0ms (cache hit)
207 http cache path-scurry@https://registry.npmjs.org/path-scurry/-/path-scurry-1.11.1.tgz 0ms (cache hit)
208 http cache path-key@https://registry.npmjs.org/path-key/-/path-key-3.1.1.tgz 0ms (cache hit)
209 http cache package-json-from-dist@https://registry.npmjs.org/package-json-from-dist/-/package-json-from-dist-1.0.1.tgz 0ms (cache hit)
210 http cache openid-client@https://registry.npmjs.org/openid-client/-/openid-client-5.7.1.tgz 0ms (cache hit)
211 http cache oidc-token-hash@https://registry.npmjs.org/oidc-token-hash/-/oidc-token-hash-5.1.0.tgz 0ms (cache hit)
212 http cache object-hash@https://registry.npmjs.org/object-hash/-/object-hash-3.0.0.tgz 0ms (cache hit)
213 http cache object-assign@https://registry.npmjs.org/object-assign/-/object-assign-4.1.1.tgz 0ms (cache hit)
214 http cache oauth4webapi@https://registry.npmjs.org/oauth4webapi/-/oauth4webapi-2.17.0.tgz 0ms (cache hit)
215 http cache oauth@https://registry.npmjs.org/oauth/-/oauth-0.9.15.tgz 0ms (cache hit)
216 http cache normalize-range@https://registry.npmjs.org/normalize-range/-/normalize-range-0.1.2.tgz 0ms (cache hit)
217 http cache normalize-path@https://registry.npmjs.org/normalize-path/-/normalize-path-3.0.0.tgz 0ms (cache hit)
218 http cache node-releases@https://registry.npmjs.org/node-releases/-/node-releases-2.0.19.tgz 0ms (cache hit)
219 http cache next-auth@https://registry.npmjs.org/next-auth/-/next-auth-4.24.11.tgz 0ms (cache hit)
220 http cache next@https://registry.npmjs.org/next/-/next-15.2.1.tgz 0ms (cache hit)
221 http cache nanoid@https://registry.npmjs.org/nanoid/-/nanoid-3.3.9.tgz 0ms (cache hit)
222 http cache mz@https://registry.npmjs.org/mz/-/mz-2.7.0.tgz 0ms (cache hit)
223 http cache ms@https://registry.npmjs.org/ms/-/ms-2.1.3.tgz 1ms (cache hit)
224 http cache minipass@https://registry.npmjs.org/minipass/-/minipass-7.1.2.tgz 0ms (cache hit)
225 http cache minimatch@https://registry.npmjs.org/minimatch/-/minimatch-9.0.5.tgz 0ms (cache hit)
226 http cache micromatch@https://registry.npmjs.org/micromatch/-/micromatch-4.0.8.tgz 0ms (cache hit)
227 http cache merge2@https://registry.npmjs.org/merge2/-/merge2-1.4.1.tgz 0ms (cache hit)
228 http cache lru-cache@https://registry.npmjs.org/lru-cache/-/lru-cache-10.4.3.tgz 0ms (cache hit)
229 http cache locomotive-scroll@https://registry.npmjs.org/locomotive-scroll/-/locomotive-scroll-4.1.4.tgz 1ms (cache hit)
230 http cache lines-and-columns@https://registry.npmjs.org/lines-and-columns/-/lines-and-columns-1.2.4.tgz 0ms (cache hit)
231 http cache lilconfig@https://registry.npmjs.org/lilconfig/-/lilconfig-2.1.0.tgz 0ms (cache hit)
232 http cache lethargy@https://registry.npmjs.org/lethargy/-/lethargy-1.0.9.tgz 0ms (cache hit)
233 http cache konva@https://registry.npmjs.org/konva/-/konva-9.3.19.tgz 0ms (cache hit)
234 http cache jose@https://registry.npmjs.org/jose/-/jose-4.15.9.tgz 0ms (cache hit)
235 http cache jiti@https://registry.npmjs.org/jiti/-/jiti-1.21.7.tgz 0ms (cache hit)
236 http cache jackspeak@https://registry.npmjs.org/jackspeak/-/jackspeak-3.4.3.tgz 0ms (cache hit)
237 http cache its-fine@https://registry.npmjs.org/its-fine/-/its-fine-2.0.0.tgz 0ms (cache hit)
238 http cache isexe@https://registry.npmjs.org/isexe/-/isexe-2.0.0.tgz 0ms (cache hit)
239 http cache is-number@https://registry.npmjs.org/is-number/-/is-number-7.0.0.tgz 0ms (cache hit)
240 http cache is-glob@https://registry.npmjs.org/is-glob/-/is-glob-4.0.3.tgz 0ms (cache hit)
241 http cache is-fullwidth-code-point@https://registry.npmjs.org/is-fullwidth-code-point/-/is-fullwidth-code-point-3.0.0.tgz 0ms (cache hit)
242 http cache is-extglob@https://registry.npmjs.org/is-extglob/-/is-extglob-2.1.1.tgz 0ms (cache hit)
243 http cache is-core-module@https://registry.npmjs.org/is-core-module/-/is-core-module-2.16.1.tgz 0ms (cache hit)
244 http cache is-binary-path@https://registry.npmjs.org/is-binary-path/-/is-binary-path-2.1.0.tgz 0ms (cache hit)
245 http cache is-arrayish@https://registry.npmjs.org/is-arrayish/-/is-arrayish-0.3.2.tgz 0ms (cache hit)
246 http cache hasown@https://registry.npmjs.org/hasown/-/hasown-2.0.2.tgz 0ms (cache hit)
247 http cache glob-parent@https://registry.npmjs.org/glob-parent/-/glob-parent-6.0.2.tgz 0ms (cache hit)
248 http cache glob@https://registry.npmjs.org/glob/-/glob-10.4.5.tgz 0ms (cache hit)
249 http cache function-bind@https://registry.npmjs.org/function-bind/-/function-bind-1.1.2.tgz 0ms (cache hit)
250 http cache fraction.js@https://registry.npmjs.org/fraction.js/-/fraction.js-4.3.7.tgz 0ms (cache hit)
251 http cache foreground-child@https://registry.npmjs.org/foreground-child/-/foreground-child-3.3.1.tgz 0ms (cache hit)
252 http cache fill-range@https://registry.npmjs.org/fill-range/-/fill-range-7.1.1.tgz 0ms (cache hit)
253 http cache fastq@https://registry.npmjs.org/fastq/-/fastq-1.19.1.tgz 0ms (cache hit)
254 http cache fast-glob@https://registry.npmjs.org/fast-glob/-/fast-glob-3.3.3.tgz 0ms (cache hit)
255 http cache escalade@https://registry.npmjs.org/escalade/-/escalade-3.2.0.tgz 0ms (cache hit)
256 http cache esbuild-register@https://registry.npmjs.org/esbuild-register/-/esbuild-register-3.6.0.tgz 0ms (cache hit)
257 http cache esbuild@https://registry.npmjs.org/esbuild/-/esbuild-0.25.1.tgz 0ms (cache hit)
258 http cache emoji-regex@https://registry.npmjs.org/emoji-regex/-/emoji-regex-9.2.2.tgz 0ms (cache hit)
259 http cache electron-to-chromium@https://registry.npmjs.org/electron-to-chromium/-/electron-to-chromium-1.5.113.tgz 1ms (cache hit)
260 http cache eastasianwidth@https://registry.npmjs.org/eastasianwidth/-/eastasianwidth-0.2.0.tgz 0ms (cache hit)
261 http cache path-parse@https://registry.npmjs.org/path-parse/-/path-parse-1.0.7.tgz 0ms (cache hit)
262 http cache dlv@https://registry.npmjs.org/dlv/-/dlv-1.1.3.tgz 0ms (cache hit)
263 http cache didyoumean@https://registry.npmjs.org/didyoumean/-/didyoumean-1.2.2.tgz 0ms (cache hit)
264 http cache detect-libc@https://registry.npmjs.org/detect-libc/-/detect-libc-2.0.3.tgz 0ms (cache hit)
265 http cache debug@https://registry.npmjs.org/debug/-/debug-4.4.0.tgz 0ms (cache hit)
266 http cache date-fns@https://registry.npmjs.org/date-fns/-/date-fns-4.1.0.tgz 0ms (cache hit)
267 http cache csstype@https://registry.npmjs.org/csstype/-/csstype-3.1.3.tgz 1ms (cache hit)
268 http cache cssesc@https://registry.npmjs.org/cssesc/-/cssesc-3.0.0.tgz 0ms (cache hit)
269 http cache cross-spawn@https://registry.npmjs.org/cross-spawn/-/cross-spawn-7.0.6.tgz 0ms (cache hit)
270 http cache cookie@https://registry.npmjs.org/cookie/-/cookie-0.7.2.tgz 0ms (cache hit)
271 http cache commander@https://registry.npmjs.org/commander/-/commander-4.1.1.tgz 0ms (cache hit)
272 http cache color-string@https://registry.npmjs.org/color-string/-/color-string-1.9.1.tgz 0ms (cache hit)
273 http cache color-name@https://registry.npmjs.org/color-name/-/color-name-1.1.4.tgz 0ms (cache hit)
274 http cache color-convert@https://registry.npmjs.org/color-convert/-/color-convert-2.0.1.tgz 0ms (cache hit)
275 http cache color@https://registry.npmjs.org/color/-/color-4.2.3.tgz 0ms (cache hit)
276 http cache clsx@https://registry.npmjs.org/clsx/-/clsx-2.1.1.tgz 0ms (cache hit)
277 http cache client-only@https://registry.npmjs.org/client-only/-/client-only-0.0.1.tgz 0ms (cache hit)
278 http cache chokidar@https://registry.npmjs.org/chokidar/-/chokidar-3.6.0.tgz 0ms (cache hit)
279 http cache caniuse-lite@https://registry.npmjs.org/caniuse-lite/-/caniuse-lite-1.0.30001702.tgz 0ms (cache hit)
280 http cache camelcase-css@https://registry.npmjs.org/camelcase-css/-/camelcase-css-2.0.1.tgz 0ms (cache hit)
281 http cache busboy@https://registry.npmjs.org/busboy/-/busboy-1.6.0.tgz 0ms (cache hit)
282 http cache braces@https://registry.npmjs.org/braces/-/braces-3.0.3.tgz 0ms (cache hit)
283 http cache browserslist@https://registry.npmjs.org/browserslist/-/browserslist-4.24.4.tgz 0ms (cache hit)
284 http cache brace-expansion@https://registry.npmjs.org/brace-expansion/-/brace-expansion-2.0.1.tgz 0ms (cache hit)
285 http cache bindall-standalone@https://registry.npmjs.org/bindall-standalone/-/bindall-standalone-1.0.5.tgz 0ms (cache hit)
286 http cache binary-extensions@https://registry.npmjs.org/binary-extensions/-/binary-extensions-2.3.0.tgz 0ms (cache hit)
287 http cache bezier-easing@https://registry.npmjs.org/bezier-easing/-/bezier-easing-2.1.0.tgz 0ms (cache hit)
288 http cache bcryptjs@https://registry.npmjs.org/bcryptjs/-/bcryptjs-3.0.2.tgz 0ms (cache hit)
289 http cache balanced-match@https://registry.npmjs.org/balanced-match/-/balanced-match-1.0.2.tgz 0ms (cache hit)
290 http cache autoprefixer@https://registry.npmjs.org/autoprefixer/-/autoprefixer-10.4.14.tgz 1ms (cache hit)
291 http cache arg@https://registry.npmjs.org/arg/-/arg-5.0.2.tgz 0ms (cache hit)
292 http cache anymatch@https://registry.npmjs.org/anymatch/-/anymatch-3.1.3.tgz 0ms (cache hit)
293 http cache any-promise@https://registry.npmjs.org/any-promise/-/any-promise-1.3.0.tgz 0ms (cache hit)
294 http cache ansi-styles@https://registry.npmjs.org/ansi-styles/-/ansi-styles-6.2.1.tgz 0ms (cache hit)
295 http cache ansi-regex@https://registry.npmjs.org/ansi-regex/-/ansi-regex-6.1.0.tgz 0ms (cache hit)
296 http cache @types/uuid@https://registry.npmjs.org/@types/uuid/-/uuid-10.0.0.tgz 0ms (cache hit)
297 http cache @types/react-reconciler@https://registry.npmjs.org/@types/react-reconciler/-/react-reconciler-0.28.9.tgz 0ms (cache hit)
298 http cache @types/react-dom@https://registry.npmjs.org/@types/react-dom/-/react-dom-18.3.5.tgz 0ms (cache hit)
299 http cache @types/react@https://registry.npmjs.org/@types/react/-/react-18.3.18.tgz 0ms (cache hit)
300 http cache @types/prop-types@https://registry.npmjs.org/@types/prop-types/-/prop-types-15.7.14.tgz 0ms (cache hit)
301 http cache @types/node@https://registry.npmjs.org/@types/node/-/node-20.17.24.tgz 0ms (cache hit)
302 http cache @types/locomotive-scroll@https://registry.npmjs.org/@types/locomotive-scroll/-/locomotive-scroll-4.1.4.tgz 0ms (cache hit)
303 http cache @types/cookie@https://registry.npmjs.org/@types/cookie/-/cookie-0.6.0.tgz 0ms (cache hit)
304 http cache @types/bcryptjs@https://registry.npmjs.org/@types/bcryptjs/-/bcryptjs-2.4.6.tgz 0ms (cache hit)
305 http cache @tanstack/virtual-core@https://registry.npmjs.org/@tanstack/virtual-core/-/virtual-core-3.13.4.tgz 0ms (cache hit)
306 http cache @tanstack/react-virtual@https://registry.npmjs.org/@tanstack/react-virtual/-/react-virtual-3.13.4.tgz 0ms (cache hit)
307 http cache @swc/helpers@https://registry.npmjs.org/@swc/helpers/-/helpers-0.5.15.tgz 0ms (cache hit)
308 http cache @swc/counter@https://registry.npmjs.org/@swc/counter/-/counter-0.1.3.tgz 0ms (cache hit)
309 http cache @react-stately/utils@https://registry.npmjs.org/@react-stately/utils/-/utils-3.10.5.tgz 0ms (cache hit)
310 http cache @react-types/shared@https://registry.npmjs.org/@react-types/shared/-/shared-3.28.0.tgz 0ms (cache hit)
311 http cache @react-stately/flags@https://registry.npmjs.org/@react-stately/flags/-/flags-3.1.0.tgz 0ms (cache hit)
312 http cache @react-aria/utils@https://registry.npmjs.org/@react-aria/utils/-/utils-3.28.1.tgz 0ms (cache hit)
313 http cache @react-aria/ssr@https://registry.npmjs.org/@react-aria/ssr/-/ssr-3.9.7.tgz 0ms (cache hit)
314 http cache @react-aria/interactions@https://registry.npmjs.org/@react-aria/interactions/-/interactions-3.24.1.tgz 0ms (cache hit)
315 http cache @react-aria/focus@https://registry.npmjs.org/@react-aria/focus/-/focus-3.20.1.tgz 0ms (cache hit)
316 http cache @prisma/get-platform@https://registry.npmjs.org/@prisma/get-platform/-/get-platform-6.5.0.tgz 0ms (cache hit)
317 http cache @prisma/fetch-engine@https://registry.npmjs.org/@prisma/fetch-engine/-/fetch-engine-6.5.0.tgz 0ms (cache hit)
318 http cache @prisma/engines-version@https://registry.npmjs.org/@prisma/engines-version/-/engines-version-6.5.0-73.173f8d54f8d52e692c7e27e72a88314ec7aeff60.tgz 0ms (cache hit)
319 http cache @prisma/engines@https://registry.npmjs.org/@prisma/engines/-/engines-6.5.0.tgz 0ms (cache hit)
320 http cache @prisma/debug@https://registry.npmjs.org/@prisma/debug/-/debug-6.5.0.tgz 0ms (cache hit)
321 http cache @prisma/config@https://registry.npmjs.org/@prisma/config/-/config-6.5.0.tgz 0ms (cache hit)
322 http cache @pkgjs/parseargs@https://registry.npmjs.org/@pkgjs/parseargs/-/parseargs-0.11.0.tgz 0ms (cache hit)
323 http cache @nodelib/fs.walk@https://registry.npmjs.org/@nodelib/fs.walk/-/fs.walk-1.2.8.tgz 0ms (cache hit)
324 http cache @panva/hkdf@https://registry.npmjs.org/@panva/hkdf/-/hkdf-1.2.1.tgz 0ms (cache hit)
325 http cache @nodelib/fs.stat@https://registry.npmjs.org/@nodelib/fs.stat/-/fs.stat-2.0.5.tgz 0ms (cache hit)
326 http cache @next/env@https://registry.npmjs.org/@next/env/-/env-15.2.1.tgz 0ms (cache hit)
327 http cache @next-auth/prisma-adapter@https://registry.npmjs.org/@next-auth/prisma-adapter/-/prisma-adapter-1.0.7.tgz 0ms (cache hit)
328 http cache @jridgewell/trace-mapping@https://registry.npmjs.org/@jridgewell/trace-mapping/-/trace-mapping-0.3.25.tgz 0ms (cache hit)
329 http cache @nodelib/fs.scandir@https://registry.npmjs.org/@nodelib/fs.scandir/-/fs.scandir-2.1.5.tgz 0ms (cache hit)
330 http cache @jridgewell/sourcemap-codec@https://registry.npmjs.org/@jridgewell/sourcemap-codec/-/sourcemap-codec-1.5.0.tgz 0ms (cache hit)
331 http cache @jridgewell/set-array@https://registry.npmjs.org/@jridgewell/set-array/-/set-array-1.2.1.tgz 0ms (cache hit)
332 http cache @jridgewell/resolve-uri@https://registry.npmjs.org/@jridgewell/resolve-uri/-/resolve-uri-3.1.2.tgz 0ms (cache hit)
333 http cache @jridgewell/gen-mapping@https://registry.npmjs.org/@jridgewell/gen-mapping/-/gen-mapping-0.3.8.tgz 0ms (cache hit)
334 http cache @isaacs/cliui@https://registry.npmjs.org/@isaacs/cliui/-/cliui-8.0.2.tgz 0ms (cache hit)
335 http cache @img/sharp-win32-x64@https://registry.npmjs.org/@img/sharp-win32-x64/-/sharp-win32-x64-0.33.5.tgz 0ms (cache hit)
336 http cache @heroicons/react@https://registry.npmjs.org/@heroicons/react/-/react-2.2.0.tgz 0ms (cache hit)
337 http cache @headlessui/react@https://registry.npmjs.org/@headlessui/react/-/react-2.2.0.tgz 1ms (cache hit)
338 http cache @floating-ui/utils@https://registry.npmjs.org/@floating-ui/utils/-/utils-0.2.9.tgz 0ms (cache hit)
339 http cache @floating-ui/react-dom@https://registry.npmjs.org/@floating-ui/react-dom/-/react-dom-2.1.2.tgz 0ms (cache hit)
340 http cache @floating-ui/react@https://registry.npmjs.org/@floating-ui/react/-/react-0.26.28.tgz 0ms (cache hit)
341 http cache @floating-ui/dom@https://registry.npmjs.org/@floating-ui/dom/-/dom-1.6.13.tgz 0ms (cache hit)
342 http cache @floating-ui/core@https://registry.npmjs.org/@floating-ui/core/-/core-1.6.9.tgz 0ms (cache hit)
343 http cache @esbuild/win32-x64@https://registry.npmjs.org/@esbuild/win32-x64/-/win32-x64-0.25.1.tgz 0ms (cache hit)
344 http cache @emnapi/runtime@https://registry.npmjs.org/@emnapi/runtime/-/runtime-1.3.1.tgz 0ms (cache hit)
345 http cache @babel/runtime@https://registry.npmjs.org/@babel/runtime/-/runtime-7.26.9.tgz 0ms (cache hit)
346 http cache @auth/core@https://registry.npmjs.org/@auth/core/-/core-0.34.2.tgz 0ms (cache hit)
347 http cache @next/swc-win32-x64-msvc@https://registry.npmjs.org/@next/swc-win32-x64-msvc/-/swc-win32-x64-msvc-15.2.1.tgz 0ms (cache hit)
348 http cache strip-ansi@https://registry.npmjs.org/strip-ansi/-/strip-ansi-6.0.1.tgz 0ms (cache hit)
349 http cache string-width@https://registry.npmjs.org/string-width/-/string-width-4.2.3.tgz 0ms (cache hit)
350 http cache emoji-regex@https://registry.npmjs.org/emoji-regex/-/emoji-regex-8.0.0.tgz 0ms (cache hit)
351 http cache ansi-styles@https://registry.npmjs.org/ansi-styles/-/ansi-styles-4.3.0.tgz 0ms (cache hit)
352 http cache ansi-regex@https://registry.npmjs.org/ansi-regex/-/ansi-regex-5.0.1.tgz 0ms (cache hit)
353 http cache ansi-regex@https://registry.npmjs.org/ansi-regex/-/ansi-regex-5.0.1.tgz 1ms (cache hit)
354 http cache strip-ansi@https://registry.npmjs.org/strip-ansi/-/strip-ansi-6.0.1.tgz 0ms (cache hit)
355 http cache emoji-regex@https://registry.npmjs.org/emoji-regex/-/emoji-regex-8.0.0.tgz 0ms (cache hit)
356 http cache ansi-regex@https://registry.npmjs.org/ansi-regex/-/ansi-regex-5.0.1.tgz 0ms (cache hit)
357 http cache lru-cache@https://registry.npmjs.org/lru-cache/-/lru-cache-6.0.0.tgz 0ms (cache hit)
358 http cache uuid@https://registry.npmjs.org/uuid/-/uuid-8.3.2.tgz 0ms (cache hit)
359 http cache postcss@https://registry.npmjs.org/postcss/-/postcss-8.4.31.tgz 0ms (cache hit)
360 http cache glob-parent@https://registry.npmjs.org/glob-parent/-/glob-parent-5.1.2.tgz 0ms (cache hit)
361 http cache glob-parent@https://registry.npmjs.org/glob-parent/-/glob-parent-5.1.2.tgz 0ms (cache hit)
362 http cache preact-render-to-string@https://registry.npmjs.org/preact-render-to-string/-/preact-render-to-string-5.2.3.tgz 0ms (cache hit)
363 http cache preact@https://registry.npmjs.org/preact/-/preact-10.11.3.tgz 0ms (cache hit)
364 http cache jose@https://registry.npmjs.org/jose/-/jose-5.10.0.tgz 0ms (cache hit)
365 http cache cookie@https://registry.npmjs.org/cookie/-/cookie-0.6.0.tgz 0ms (cache hit)
366 http cache object-hash@https://registry.npmjs.org/object-hash/-/object-hash-2.2.0.tgz 0ms (cache hit)
367 http cache read-cache@https://registry.npmjs.org/read-cache/-/read-cache-1.0.0.tgz 0ms (cache hit)
368 silly tarball no local data for typescript@https://registry.npmjs.org/typescript/-/typescript-5.8.2.tgz. Extracting by manifest.
369 silly tarball no local data for scheduler@https://registry.npmjs.org/scheduler/-/scheduler-0.25.0.tgz. Extracting by manifest.
370 http fetch POST 200 https://registry.npmjs.org/-/npm/v1/security/advisories/bulk 4630ms
371 silly audit report {
371 silly audit report   cookie: [
371 silly audit report     {
371 silly audit report       id: 1099846,
371 silly audit report       url: 'https://github.com/advisories/GHSA-pxg6-pf52-xh8x',
371 silly audit report       title: 'cookie accepts cookie name, path, and domain with out of bounds characters',
371 silly audit report       severity: 'low',
371 silly audit report       vulnerable_versions: '<0.7.0',
371 silly audit report       cwe: [Array],
371 silly audit report       cvss: [Object]
371 silly audit report     }
371 silly audit report   ],
371 silly audit report   '@babel/runtime': [
371 silly audit report     {
371 silly audit report       id: 1103025,
371 silly audit report       url: 'https://github.com/advisories/GHSA-968p-4wvh-cqc8',
371 silly audit report       title: 'Babel has inefficient RexExp complexity in generated code with .replace when transpiling named capturing groups',
371 silly audit report       severity: 'moderate',
371 silly audit report       vulnerable_versions: '<7.26.10',
371 silly audit report       cwe: [Array],
371 silly audit report       cvss: [Object]
371 silly audit report     }
371 silly audit report   ],
371 silly audit report   next: [
371 silly audit report     {
371 silly audit report       id: 1103621,
371 silly audit report       url: 'https://github.com/advisories/GHSA-f82v-jwr5-mffw',
371 silly audit report       title: 'Authorization Bypass in Next.js Middleware',
371 silly audit report       severity: 'critical',
371 silly audit report       vulnerable_versions: '>=15.0.0 <15.2.3',
371 silly audit report       cwe: [Array],
371 silly audit report       cvss: [Object]
371 silly audit report     }
371 silly audit report   ],
371 silly audit report   postcss: [
371 silly audit report     {
371 silly audit report       id: 1094544,
371 silly audit report       url: 'https://github.com/advisories/GHSA-7fh5-64p2-3v2j',
371 silly audit report       title: 'PostCSS line return parsing error',
371 silly audit report       severity: 'moderate',
371 silly audit report       vulnerable_versions: '<8.4.31',
371 silly audit report       cwe: [Array],
371 silly audit report       cvss: [Object]
371 silly audit report     }
371 silly audit report   ]
371 silly audit report }
372 silly packumentCache corgi:https://registry.npmjs.org/cookie cache-miss
373 silly packumentCache corgi:https://registry.npmjs.org/@babel%2fruntime cache-miss
374 silly packumentCache corgi:https://registry.npmjs.org/next cache-miss
375 silly packumentCache corgi:https://registry.npmjs.org/postcss cache-miss
376 http fetch GET 200 https://registry.npmjs.org/cookie 7919ms (cache updated)
377 silly packumentCache corgi:https://registry.npmjs.org/cookie set size:undefined disposed:false
378 http fetch GET 200 https://registry.npmjs.org/@babel%2fruntime 9077ms (cache updated)
379 silly packumentCache corgi:https://registry.npmjs.org/@babel%2fruntime set size:undefined disposed:false
380 http fetch GET 200 https://registry.npmjs.org/scheduler/-/scheduler-0.25.0.tgz 21046ms (cache miss)
381 http fetch GET 200 https://registry.npmjs.org/postcss 19440ms (cache updated)
382 silly packumentCache corgi:https://registry.npmjs.org/postcss set size:undefined disposed:false
383 http fetch GET 200 https://registry.npmjs.org/next 71759ms (cache updated)
384 silly packumentCache corgi:https://registry.npmjs.org/next set size:undefined disposed:false
385 silly packumentCache corgi:https://registry.npmjs.org/@auth%2fcore cache-miss
386 http cache https://registry.npmjs.org/@auth%2fcore 91ms (cache hit)
387 silly packumentCache corgi:https://registry.npmjs.org/@auth%2fcore set size:143508 disposed:false
388 silly packumentCache corgi:https://registry.npmjs.org/next-auth cache-miss
389 http cache https://registry.npmjs.org/next-auth 265ms (cache hit)
390 silly packumentCache corgi:https://registry.npmjs.org/next-auth set size:1800556 disposed:false
391 silly packumentCache corgi:https://registry.npmjs.org/autoprefixer cache-miss
392 silly packumentCache corgi:https://registry.npmjs.org/postcss-import cache-miss
393 silly packumentCache corgi:https://registry.npmjs.org/postcss-js cache-miss
394 silly packumentCache corgi:https://registry.npmjs.org/postcss-load-config cache-miss
395 silly packumentCache corgi:https://registry.npmjs.org/postcss-nested cache-miss
396 silly packumentCache corgi:https://registry.npmjs.org/tailwindcss cache-miss
397 http cache https://registry.npmjs.org/postcss-import 315ms (cache hit)
398 silly packumentCache corgi:https://registry.npmjs.org/postcss-import set size:51326 disposed:false
399 http cache https://registry.npmjs.org/postcss-js 324ms (cache hit)
400 silly packumentCache corgi:https://registry.npmjs.org/postcss-js set size:20759 disposed:false
401 http cache https://registry.npmjs.org/autoprefixer 330ms (cache hit)
402 silly packumentCache corgi:https://registry.npmjs.org/autoprefixer set size:291410 disposed:false
403 http cache https://registry.npmjs.org/postcss-load-config 341ms (cache hit)
404 silly packumentCache corgi:https://registry.npmjs.org/postcss-load-config set size:37999 disposed:false
405 http cache https://registry.npmjs.org/postcss-nested 341ms (cache hit)
406 silly packumentCache corgi:https://registry.npmjs.org/postcss-nested set size:41645 disposed:false
407 http cache https://registry.npmjs.org/tailwindcss 538ms (cache hit)
408 silly packumentCache corgi:https://registry.npmjs.org/tailwindcss set size:4203765 disposed:false
409 silly packumentCache corgi:https://registry.npmjs.org/@next-auth%2fprisma-adapter cache-miss
410 http cache https://registry.npmjs.org/@next-auth%2fprisma-adapter 404ms (cache hit)
411 silly packumentCache corgi:https://registry.npmjs.org/@next-auth%2fprisma-adapter set size:182297 disposed:false
412 http fetch GET 200 https://registry.npmjs.org/typescript/-/typescript-5.8.2.tgz 88106ms (cache miss)
413 info run prisma@6.5.0 preinstall node_modules/prisma node scripts/preinstall-entry.js
414 info run prisma@6.5.0 preinstall { code: 0, signal: null }
415 info run sharp@0.33.5 install node_modules/sharp node install/check
416 info run sharp@0.33.5 install { code: 0, signal: null }
417 info run @prisma/client@6.5.0 postinstall node_modules/@prisma/client node scripts/postinstall.js
418 info run @prisma/engines@6.5.0 postinstall node_modules/@prisma/engines node scripts/postinstall.js
419 info run esbuild@0.25.1 postinstall node_modules/esbuild node install.js
420 info run esbuild@0.25.1 postinstall { code: 0, signal: null }
421 info run @prisma/client@6.5.0 postinstall { code: 0, signal: null }
422 info run @prisma/engines@6.5.0 postinstall { code: 0, signal: null }
423 warn cleanup Failed to remove some directories [
423 warn cleanup   [
423 warn cleanup     'C:\\Users\\LUBS\\Desktop\\Studio-six\\studiosix\\node_modules\\@next\\.swc-win32-x64-msvc-pFh1zk14',
423 warn cleanup     [Error: EPERM: operation not permitted, unlink 'C:\Users\LUBS\Desktop\Studio-six\studiosix\node_modules\@next\.swc-win32-x64-msvc-pFh1zk14\next-swc.win32-x64-msvc.node'] {
423 warn cleanup       errno: -4048,
423 warn cleanup       code: 'EPERM',
423 warn cleanup       syscall: 'unlink',
423 warn cleanup       path: 'C:\\Users\\LUBS\\Desktop\\Studio-six\\studiosix\\node_modules\\@next\\.swc-win32-x64-msvc-pFh1zk14\\next-swc.win32-x64-msvc.node'
423 warn cleanup     }
423 warn cleanup   ]
423 warn cleanup ]
424 silly ADD node_modules/prisma
425 silly ADD node_modules/@prisma/client
426 silly ADD node_modules/yaml
427 silly ADD node_modules/yallist
428 silly ADD node_modules/wrap-ansi-cjs
429 silly ADD node_modules/wrap-ansi-cjs/node_modules/strip-ansi
430 silly ADD node_modules/wrap-ansi-cjs/node_modules/string-width
431 silly ADD node_modules/wrap-ansi-cjs/node_modules/emoji-regex
432 silly ADD node_modules/wrap-ansi-cjs/node_modules/ansi-styles
433 silly ADD node_modules/wrap-ansi-cjs/node_modules/ansi-regex
434 silly ADD node_modules/wrap-ansi
435 silly ADD node_modules/which
436 silly ADD node_modules/virtual-scroll
437 silly ADD node_modules/uuid
438 silly ADD node_modules/util-deprecate
439 silly ADD node_modules/update-browserslist-db
440 silly ADD node_modules/undici-types
441 silly ADD node_modules/typescript
442 silly ADD node_modules/tslib
443 silly ADD node_modules/ts-interface-checker
444 silly ADD node_modules/to-regex-range
445 silly ADD node_modules/tiny-emitter
446 silly ADD node_modules/thenify-all
447 silly ADD node_modules/thenify
448 silly ADD node_modules/tailwindcss
449 silly ADD node_modules/tailwind-merge
450 silly ADD node_modules/tabbable
451 silly ADD node_modules/supports-preserve-symlinks-flag
452 silly ADD node_modules/sucrase
453 silly ADD node_modules/styled-jsx
454 silly ADD node_modules/strip-ansi-cjs
455 silly ADD node_modules/strip-ansi-cjs/node_modules/ansi-regex
456 silly ADD node_modules/strip-ansi
457 silly ADD node_modules/string-width-cjs
458 silly ADD node_modules/string-width-cjs/node_modules/strip-ansi
459 silly ADD node_modules/string-width-cjs/node_modules/emoji-regex
460 silly ADD node_modules/string-width-cjs/node_modules/ansi-regex
461 silly ADD node_modules/string-width
462 silly ADD node_modules/streamsearch
463 silly ADD node_modules/source-map-js
464 silly ADD node_modules/smoothscroll-polyfill
465 silly ADD node_modules/simple-swizzle
466 silly ADD node_modules/signal-exit
467 silly ADD node_modules/shebang-regex
468 silly ADD node_modules/shebang-command
469 silly ADD node_modules/sharp
470 silly ADD node_modules/semver
471 silly ADD node_modules/schema-dts
472 silly ADD node_modules/scheduler
473 silly ADD node_modules/run-parallel
474 silly ADD node_modules/reusify
475 silly ADD node_modules/resolve
476 silly ADD node_modules/regenerator-runtime
477 silly ADD node_modules/readdirp
478 silly ADD node_modules/read-cache
479 silly ADD node_modules/react-reconciler
480 silly ADD node_modules/react-konva
481 silly ADD node_modules/react-dom
482 silly ADD node_modules/react
483 silly ADD node_modules/quick-lru
484 silly ADD node_modules/queue-microtask
485 silly ADD node_modules/pretty-format
486 silly ADD node_modules/preact-render-to-string
487 silly ADD node_modules/preact
488 silly ADD node_modules/postcss-value-parser
489 silly ADD node_modules/postcss-selector-parser
490 silly ADD node_modules/postcss-nested
491 silly ADD node_modules/postcss-load-config
492 silly ADD node_modules/postcss-js
493 silly ADD node_modules/postcss-import
494 silly ADD node_modules/postcss
495 silly ADD node_modules/pirates
496 silly ADD node_modules/pify
497 silly ADD node_modules/picomatch
498 silly ADD node_modules/picocolors
499 silly ADD node_modules/path-scurry
500 silly ADD node_modules/path-parse
501 silly ADD node_modules/path-key
502 silly ADD node_modules/package-json-from-dist
503 silly ADD node_modules/openid-client
504 silly ADD node_modules/openid-client/node_modules/object-hash
505 silly ADD node_modules/openid-client/node_modules/lru-cache
506 silly ADD node_modules/oidc-token-hash
507 silly ADD node_modules/object-hash
508 silly ADD node_modules/object-assign
509 silly ADD node_modules/oauth4webapi
510 silly ADD node_modules/oauth
511 silly ADD node_modules/normalize-range
512 silly ADD node_modules/normalize-path
513 silly ADD node_modules/node-releases
514 silly ADD node_modules/next-auth
515 silly ADD node_modules/next-auth/node_modules/uuid
516 silly ADD node_modules/next
517 silly ADD node_modules/next/node_modules/postcss
518 silly ADD node_modules/nanoid
519 silly ADD node_modules/mz
520 silly ADD node_modules/ms
521 silly ADD node_modules/minipass
522 silly ADD node_modules/minimatch
523 silly ADD node_modules/micromatch
524 silly ADD node_modules/merge2
525 silly ADD node_modules/lru-cache
526 silly ADD node_modules/locomotive-scroll
527 silly ADD node_modules/lines-and-columns
528 silly ADD node_modules/lilconfig
529 silly ADD node_modules/lethargy
530 silly ADD node_modules/konva
531 silly ADD node_modules/jose
532 silly ADD node_modules/jiti
533 silly ADD node_modules/jackspeak
534 silly ADD node_modules/its-fine
535 silly ADD node_modules/isexe
536 silly ADD node_modules/is-number
537 silly ADD node_modules/is-glob
538 silly ADD node_modules/is-fullwidth-code-point
539 silly ADD node_modules/is-extglob
540 silly ADD node_modules/is-core-module
541 silly ADD node_modules/is-binary-path
542 silly ADD node_modules/is-arrayish
543 silly ADD node_modules/hasown
544 silly ADD node_modules/glob-parent
545 silly ADD node_modules/glob
546 silly ADD node_modules/function-bind
547 silly ADD
548 silly ADD node_modules/fraction.js
549 silly ADD node_modules/foreground-child
550 silly ADD node_modules/fill-range
551 silly ADD node_modules/fastq
552 silly ADD node_modules/fast-glob
553 silly ADD node_modules/fast-glob/node_modules/glob-parent
554 silly ADD node_modules/escalade
555 silly ADD node_modules/esbuild-register
556 silly ADD node_modules/esbuild
557 silly ADD node_modules/emoji-regex
558 silly ADD node_modules/electron-to-chromium
559 silly ADD node_modules/eastasianwidth
560 silly ADD node_modules/dlv
561 silly ADD node_modules/didyoumean
562 silly ADD node_modules/detect-libc
563 silly ADD node_modules/debug
564 silly ADD node_modules/date-fns
565 silly ADD node_modules/csstype
566 silly ADD node_modules/cssesc
567 silly ADD node_modules/cross-spawn
568 silly ADD node_modules/cookie
569 silly ADD node_modules/commander
570 silly ADD node_modules/color-string
571 silly ADD node_modules/color-name
572 silly ADD node_modules/color-convert
573 silly ADD node_modules/color
574 silly ADD node_modules/clsx
575 silly ADD node_modules/client-only
576 silly ADD node_modules/chokidar
577 silly ADD node_modules/chokidar/node_modules/glob-parent
578 silly ADD node_modules/caniuse-lite
579 silly ADD node_modules/camelcase-css
580 silly ADD node_modules/busboy
581 silly ADD node_modules/browserslist
582 silly ADD node_modules/braces
583 silly ADD node_modules/brace-expansion
584 silly ADD node_modules/bindall-standalone
585 silly ADD node_modules/binary-extensions
586 silly ADD node_modules/bezier-easing
587 silly ADD node_modules/bcryptjs
588 silly ADD node_modules/balanced-match
589 silly ADD node_modules/autoprefixer
590 silly ADD node_modules/arg
591 silly ADD node_modules/anymatch
592 silly ADD node_modules/any-promise
593 silly ADD node_modules/ansi-styles
594 silly ADD node_modules/ansi-regex
595 silly ADD node_modules/@types/uuid
596 silly ADD node_modules/@types/react-reconciler
597 silly ADD node_modules/@types/react-dom
598 silly ADD node_modules/@types/react
599 silly ADD node_modules/@types/prop-types
600 silly ADD node_modules/@types/node
601 silly ADD node_modules/@types/locomotive-scroll
602 silly ADD node_modules/@types/cookie
603 silly ADD node_modules/@types/bcryptjs
604 silly ADD node_modules/@tanstack/virtual-core
605 silly ADD node_modules/@tanstack/react-virtual
606 silly ADD node_modules/@swc/helpers
607 silly ADD node_modules/@swc/counter
608 silly ADD node_modules/@react-types/shared
609 silly ADD node_modules/@react-stately/utils
610 silly ADD node_modules/@react-stately/flags
611 silly ADD node_modules/@react-aria/utils
612 silly ADD node_modules/@react-aria/ssr
613 silly ADD node_modules/@react-aria/interactions
614 silly ADD node_modules/@react-aria/focus
615 silly ADD node_modules/@prisma/get-platform
616 silly ADD node_modules/@prisma/fetch-engine
617 silly ADD node_modules/@prisma/engines-version
618 silly ADD node_modules/@prisma/engines
619 silly ADD node_modules/@prisma/debug
620 silly ADD node_modules/@prisma/config
621 silly ADD node_modules/@pkgjs/parseargs
622 silly ADD node_modules/@panva/hkdf
623 silly ADD node_modules/@nodelib/fs.walk
624 silly ADD node_modules/@nodelib/fs.stat
625 silly ADD node_modules/@nodelib/fs.scandir
626 silly ADD
627 silly ADD
628 silly ADD
629 silly ADD
630 silly ADD
631 silly ADD
632 silly ADD
633 silly ADD node_modules/@next/env
634 silly ADD node_modules/@next-auth/prisma-adapter
635 silly ADD node_modules/@jridgewell/trace-mapping
636 silly ADD node_modules/@jridgewell/sourcemap-codec
637 silly ADD node_modules/@jridgewell/set-array
638 silly ADD node_modules/@jridgewell/resolve-uri
639 silly ADD node_modules/@jridgewell/gen-mapping
640 silly ADD node_modules/@isaacs/cliui
641 silly ADD node_modules/@img/sharp-win32-x64
642 silly ADD
643 silly ADD
644 silly ADD
645 silly ADD
646 silly ADD
647 silly ADD
648 silly ADD
649 silly ADD
650 silly ADD
651 silly ADD
652 silly ADD
653 silly ADD
654 silly ADD
655 silly ADD
656 silly ADD
657 silly ADD
658 silly ADD
659 silly ADD
660 silly ADD node_modules/@heroicons/react
661 silly ADD node_modules/@headlessui/react
662 silly ADD node_modules/@floating-ui/utils
663 silly ADD node_modules/@floating-ui/react-dom
664 silly ADD node_modules/@floating-ui/react
665 silly ADD node_modules/@floating-ui/dom
666 silly ADD node_modules/@floating-ui/core
667 silly ADD node_modules/@esbuild/win32-x64
668 silly ADD
669 silly ADD
670 silly ADD
671 silly ADD
672 silly ADD
673 silly ADD
674 silly ADD
675 silly ADD
676 silly ADD
677 silly ADD
678 silly ADD
679 silly ADD
680 silly ADD
681 silly ADD
682 silly ADD
683 silly ADD
684 silly ADD
685 silly ADD
686 silly ADD
687 silly ADD
688 silly ADD
689 silly ADD
690 silly ADD
691 silly ADD
692 silly ADD
693 silly ADD node_modules/@babel/runtime
694 silly ADD node_modules/@auth/core
695 silly ADD node_modules/@auth/core/node_modules/preact-render-to-string
696 silly ADD node_modules/@auth/core/node_modules/preact
697 silly ADD node_modules/@auth/core/node_modules/jose
698 silly ADD node_modules/@auth/core/node_modules/cookie
699 silly CHANGE node_modules/@next/swc-win32-x64-msvc
700 verbose cwd C:\Users\LUBS\Desktop\Studio-six\studiosix
701 verbose os Windows_NT 10.0.19045
702 verbose node v22.14.0
703 verbose npm  v11.2.0
704 verbose exit 0
705 info ok
